<?xml version="1.0" encoding="UTF-8"?>
<testsuite name="com.crud.tasks.TasksApplicationTests" tests="1" skipped="0" failures="0" errors="0" timestamp="2017-11-04T18:32:11" hostname="MacBook-Pro-Aeronaut-2.local" time="0.135">
  <properties/>
  <testcase name="contextLoads" classname="com.crud.tasks.TasksApplicationTests" time="0.135"/>
  <system-out><![CDATA[19:32:06.711 [Test worker] DEBUG org.springframework.test.context.junit4.SpringJUnit4ClassRunner - SpringJUnit4ClassRunner constructor called with [class com.crud.tasks.TasksApplicationTests]
19:32:06.718 [Test worker] DEBUG org.springframework.test.context.BootstrapUtils - Instantiating CacheAwareContextLoaderDelegate from class [org.springframework.test.context.cache.DefaultCacheAwareContextLoaderDelegate]
19:32:06.726 [Test worker] DEBUG org.springframework.test.context.BootstrapUtils - Instantiating BootstrapContext using constructor [public org.springframework.test.context.support.DefaultBootstrapContext(java.lang.Class,org.springframework.test.context.CacheAwareContextLoaderDelegate)]
19:32:06.742 [Test worker] DEBUG org.springframework.test.context.BootstrapUtils - Instantiating TestContextBootstrapper for test class [com.crud.tasks.TasksApplicationTests] from class [org.springframework.boot.test.context.SpringBootTestContextBootstrapper]
19:32:06.755 [Test worker] INFO org.springframework.boot.test.context.SpringBootTestContextBootstrapper - Neither @ContextConfiguration nor @ContextHierarchy found for test class [com.crud.tasks.TasksApplicationTests], using SpringBootContextLoader
19:32:06.758 [Test worker] DEBUG org.springframework.test.context.support.AbstractContextLoader - Did not detect default resource location for test class [com.crud.tasks.TasksApplicationTests]: class path resource [com/crud/tasks/TasksApplicationTests-context.xml] does not exist
19:32:06.759 [Test worker] DEBUG org.springframework.test.context.support.AbstractContextLoader - Did not detect default resource location for test class [com.crud.tasks.TasksApplicationTests]: class path resource [com/crud/tasks/TasksApplicationTestsContext.groovy] does not exist
19:32:06.759 [Test worker] INFO org.springframework.test.context.support.AbstractContextLoader - Could not detect default resource locations for test class [com.crud.tasks.TasksApplicationTests]: no resource found for suffixes {-context.xml, Context.groovy}.
19:32:06.760 [Test worker] INFO org.springframework.test.context.support.AnnotationConfigContextLoaderUtils - Could not detect default configuration classes for test class [com.crud.tasks.TasksApplicationTests]: TasksApplicationTests does not declare any static, non-private, non-final, nested classes annotated with @Configuration.
19:32:06.803 [Test worker] DEBUG org.springframework.test.context.support.ActiveProfilesUtils - Could not find an 'annotation declaring class' for annotation type [org.springframework.test.context.ActiveProfiles] and class [com.crud.tasks.TasksApplicationTests]
19:32:06.809 [Test worker] DEBUG org.springframework.core.env.StandardEnvironment - Adding PropertySource 'systemProperties' with lowest search precedence
19:32:06.810 [Test worker] DEBUG org.springframework.core.env.StandardEnvironment - Adding PropertySource 'systemEnvironment' with lowest search precedence
19:32:06.811 [Test worker] DEBUG org.springframework.core.env.StandardEnvironment - Initialized StandardEnvironment with PropertySources [MapPropertySource@81459002 {name='systemProperties', properties={java.runtime.name=Java(TM) SE Runtime Environment, sun.boot.library.path=/Library/Java/JavaVirtualMachines/jdk1.8.0_121.jdk/Contents/Home/jre/lib, java.vm.version=25.121-b13, gopherProxySet=false, java.vm.vendor=Oracle Corporation, java.vendor.url=http://java.oracle.com/, path.separator=:, java.vm.name=Java HotSpot(TM) 64-Bit Server VM, file.encoding.pkg=sun.io, sun.java.launcher=SUN_STANDARD, user.country=PL, sun.os.patch.level=unknown, java.vm.specification.name=Java Virtual Machine Specification, user.dir=/Users/aeronaut/Downloads/kodilla-tasks-e48de4f3cb0bb3bab3ddf1a984e6caa4920fedaf, java.runtime.version=1.8.0_121-b13, java.awt.graphicsenv=sun.awt.CGraphicsEnvironment, java.endorsed.dirs=/Library/Java/JavaVirtualMachines/jdk1.8.0_121.jdk/Contents/Home/jre/lib/endorsed, os.arch=x86_64, java.io.tmpdir=/var/folders/3k/6rgjm1315n9d8fn3nzv93hdc0000gn/T/, line.separator=
, java.vm.specification.vendor=Oracle Corporation, user.variant=, os.name=Mac OS X, sun.jnu.encoding=UTF-8, java.library.path=/Users/aeronaut/Library/Java/Extensions:/Library/Java/Extensions:/Network/Library/Java/Extensions:/System/Library/Java/Extensions:/usr/lib/java:., java.specification.name=Java Platform API Specification, java.class.version=52.0, org.gradle.native=false, sun.management.compiler=HotSpot 64-Bit Tiered Compilers, os.version=10.13.1, http.nonProxyHosts=local|*.local|169.254/16|*.169.254/16, user.home=/Users/aeronaut, user.timezone=Europe/Warsaw, java.awt.printerjob=sun.lwawt.macosx.CPrinterJob, file.encoding=UTF-8, java.specification.version=1.8, java.class.path=/Users/aeronaut/Downloads/kodilla-tasks-e48de4f3cb0bb3bab3ddf1a984e6caa4920fedaf/build/classes/java/test:/Users/aeronaut/Downloads/kodilla-tasks-e48de4f3cb0bb3bab3ddf1a984e6caa4920fedaf/build/resources/test:/Users/aeronaut/Downloads/kodilla-tasks-e48de4f3cb0bb3bab3ddf1a984e6caa4920fedaf/build/classes/java/main:/Users/aeronaut/Downloads/kodilla-tasks-e48de4f3cb0bb3bab3ddf1a984e6caa4920fedaf/build/resources/main:/Users/aeronaut/.gradle/caches/modules-2/files-2.1/org.springframework.boot/spring-boot-starter-web/2.0.0.M4/b43468c97c2ffde31470a6b87064bc633e10f8ec/spring-boot-starter-web-2.0.0.M4.jar:/Users/aeronaut/.gradle/caches/modules-2/files-2.1/org.projectlombok/lombok/1.16.18/557d13dcb647038dc687390711ccb5c9b3ffbd60/lombok-1.16.18.jar:/Users/aeronaut/.gradle/caches/modules-2/files-2.1/org.springframework.boot/spring-boot-starter-data-jpa/2.0.0.M4/75c591446d1ae4461317e0eeaf186aa070ed9dd9/spring-boot-starter-data-jpa-2.0.0.M4.jar:/Users/aeronaut/.gradle/caches/modules-2/files-2.1/mysql/mysql-connector-java/5.1.44/61b6b998192c85bb581c6be90e03dcd4b9079db4/mysql-connector-java-5.1.44.jar:/Users/aeronaut/.gradle/caches/modules-2/files-2.1/org.springframework.boot/spring-boot-starter-test/2.0.0.M4/345ab82eb3054fe7baf7226dfa1b14a2d8816329/spring-boot-starter-test-2.0.0.M4.jar:/Users/aeronaut/.gradle/caches/modules-2/files-2.1/org.springframework.boot/spring-boot-starter-json/2.0.0.M4/a013d61ffdba5cac7159a98df179638fcdb792cb/spring-boot-starter-json-2.0.0.M4.jar:/Users/aeronaut/.gradle/caches/modules-2/files-2.1/org.springframework.boot/spring-boot-starter-aop/2.0.0.M4/be5a7d715e170d5c32b592a1ca72ba43ced3d280/spring-boot-starter-aop-2.0.0.M4.jar:/Users/aeronaut/.gradle/caches/modules-2/files-2.1/org.springframework.boot/spring-boot-starter-jdbc/2.0.0.M4/ce41ed9d9e12f87342a5447c4ac6f009506b2ca/spring-boot-starter-jdbc-2.0.0.M4.jar:/Users/aeronaut/.gradle/caches/modules-2/files-2.1/org.springframework.boot/spring-boot-starter/2.0.0.M4/db46948efde9adbe5ec9114e6f3e861eb88f6536/spring-boot-starter-2.0.0.M4.jar:/Users/aeronaut/.gradle/caches/modules-2/files-2.1/org.springframework.boot/spring-boot-starter-tomcat/2.0.0.M4/d635f5b039a55a466706c0509bffba70289320e7/spring-boot-starter-tomcat-2.0.0.M4.jar:/Users/aeronaut/.gradle/caches/modules-2/files-2.1/org.hibernate/hibernate-validator/5.4.1.Final/fc71e53520e1030d278f682b796c88265b94c699/hibernate-validator-5.4.1.Final.jar:/Users/aeronaut/.gradle/caches/modules-2/files-2.1/org.springframework/spring-webmvc/5.0.0.RC4/754d0d8feb2b7fcd369527f65a99bc22032e988d/spring-webmvc-5.0.0.RC4.jar:/Users/aeronaut/.gradle/caches/modules-2/files-2.1/org.springframework/spring-web/5.0.0.RC4/cf27c3bc21695051660cc1c318d00ee28b44200/spring-web-5.0.0.RC4.jar:/Users/aeronaut/.gradle/caches/modules-2/files-2.1/org.hibernate/hibernate-core/5.2.10.Final/b46a4ba34b52d335cc45c0f33d029f782f7db887/hibernate-core-5.2.10.Final.jar:/Users/aeronaut/.gradle/caches/modules-2/files-2.1/javax.transaction/javax.transaction-api/1.2/d81aff979d603edd90dcd8db2abc1f4ce6479e3e/javax.transaction-api-1.2.jar:/Users/aeronaut/.gradle/caches/modules-2/files-2.1/org.springframework.data/spring-data-jpa/2.0.0.RC3/d855fee0a49ebcfe83f47aaf4bc3613b5823f82f/spring-data-jpa-2.0.0.RC3.jar:/Users/aeronaut/.gradle/caches/modules-2/files-2.1/org.springframework/spring-aspects/5.0.0.RC4/c19c9d59cff8b2285470e840d190b3b54c17f0a1/spring-aspects-5.0.0.RC4.jar:/Users/aeronaut/.gradle/caches/modules-2/files-2.1/org.springframework.boot/spring-boot-test-autoconfigure/2.0.0.M4/bec16c238df0a767769746cc14b80bffd44776fa/spring-boot-test-autoconfigure-2.0.0.M4.jar:/Users/aeronaut/.gradle/caches/modules-2/files-2.1/org.springframework.boot/spring-boot-test/2.0.0.M4/33e5a8069d6d88b927747c06f054a9406dd56b5c/spring-boot-test-2.0.0.M4.jar:/Users/aeronaut/.gradle/caches/modules-2/files-2.1/com.jayway.jsonpath/json-path/2.4.0/765a4401ceb2dc8d40553c2075eb80a8fa35c2ae/json-path-2.4.0.jar:/Users/aeronaut/.gradle/caches/modules-2/files-2.1/junit/junit/4.12/2973d150c0dc1fefe998f834810d68f278ea58ec/junit-4.12.jar:/Users/aeronaut/.gradle/caches/modules-2/files-2.1/org.assertj/assertj-core/3.8.0/b209d90ff2e279bee3e02547ee7b11349c52d0e3/assertj-core-3.8.0.jar:/Users/aeronaut/.gradle/caches/modules-2/files-2.1/org.mockito/mockito-core/2.9.0/f28b9606eca8da77e10df30a7e301f589733143e/mockito-core-2.9.0.jar:/Users/aeronaut/.gradle/caches/modules-2/files-2.1/org.hamcrest/hamcrest-library/1.3/4785a3c21320980282f9f33d0d1264a69040538f/hamcrest-library-1.3.jar:/Users/aeronaut/.gradle/caches/modules-2/files-2.1/org.hamcrest/hamcrest-core/1.3/42a25dc3219429f0e5d060061f71acb49bf010a0/hamcrest-core-1.3.jar:/Users/aeronaut/.gradle/caches/modules-2/files-2.1/org.skyscreamer/jsonassert/1.5.0/6c9d5fe2f59da598d9aefc1cfc6528ff3cf32df3/jsonassert-1.5.0.jar:/Users/aeronaut/.gradle/caches/modules-2/files-2.1/org.springframework/spring-test/5.0.0.RC4/c4b3806408c392ae782896f13249518565fb8814/spring-test-5.0.0.RC4.jar:/Users/aeronaut/.gradle/caches/modules-2/files-2.1/org.springframework.boot/spring-boot-autoconfigure/2.0.0.M4/8c28e5399cb6189a41ebbaea9fdc2de965fe443d/spring-boot-autoconfigure-2.0.0.M4.jar:/Users/aeronaut/.gradle/caches/modules-2/files-2.1/org.springframework.boot/spring-boot/2.0.0.M4/56c04c9f6a00dbbc3168b7878281054f89710ca8/spring-boot-2.0.0.M4.jar:/Users/aeronaut/.gradle/caches/modules-2/files-2.1/org.springframework/spring-context/5.0.0.RC4/cddda6e9ec8832b4bfbbf1896dd66c2dce1411e9/spring-context-5.0.0.RC4.jar:/Users/aeronaut/.gradle/caches/modules-2/files-2.1/org.springframework/spring-expression/5.0.0.RC4/3ca598b777aaac8d85885d45bd48ec505139b2b3/spring-expression-5.0.0.RC4.jar:/Users/aeronaut/.gradle/caches/modules-2/files-2.1/org.springframework/spring-orm/5.0.0.RC4/38c9f43b586192213ed29f521e38564692a11227/spring-orm-5.0.0.RC4.jar:/Users/aeronaut/.gradle/caches/modules-2/files-2.1/org.springframework/spring-jdbc/5.0.0.RC4/b70f95cb51ceab6e86e325bc0d2032cc303e9876/spring-jdbc-5.0.0.RC4.jar:/Users/aeronaut/.gradle/caches/modules-2/files-2.1/org.springframework.data/spring-data-commons/2.0.0.RC3/3de621a7238eba0ef5662afd4fdadd6e9b622070/spring-data-commons-2.0.0.RC3.jar:/Users/aeronaut/.gradle/caches/modules-2/files-2.1/org.springframework/spring-tx/5.0.0.RC4/ab83aed3ea6d5fc54198e4df993750c646b1dee2/spring-tx-5.0.0.RC4.jar:/Users/aeronaut/.gradle/caches/modules-2/files-2.1/org.springframework/spring-aop/5.0.0.RC4/d99ef31ffe80090a571bcb9d1e3c5afe3277cc47/spring-aop-5.0.0.RC4.jar:/Users/aeronaut/.gradle/caches/modules-2/files-2.1/org.springframework/spring-beans/5.0.0.RC4/79402ff116f0606a00759c5ca15d160bf585e9b3/spring-beans-5.0.0.RC4.jar:/Users/aeronaut/.gradle/caches/modules-2/files-2.1/org.springframework/spring-core/5.0.0.RC4/b3eb9c84526ee5dccf59cc2fd14be4ac5d954f4e/spring-core-5.0.0.RC4.jar:/Users/aeronaut/.gradle/caches/modules-2/files-2.1/org.springframework.boot/spring-boot-starter-logging/2.0.0.M4/df32b4ae1d8281df491014260e4337a5a00e5d5e/spring-boot-starter-logging-2.0.0.M4.jar:/Users/aeronaut/.gradle/caches/modules-2/files-2.1/javax.annotation/javax.annotation-api/1.3/67747496d8b5c1f300ed3cde4ba69d6f453ba984/javax.annotation-api-1.3.jar:/Users/aeronaut/.gradle/caches/modules-2/files-2.1/org.yaml/snakeyaml/1.18/e4a441249ade301985cb8d009d4e4a72b85bf68e/snakeyaml-1.18.jar:/Users/aeronaut/.gradle/caches/modules-2/files-2.1/com.fasterxml.jackson.datatype/jackson-datatype-jdk8/2.9.1/dc5c9b4349c1c18388aa1ec5a9264e6893b732a8/jackson-datatype-jdk8-2.9.1.jar:/Users/aeronaut/.gradle/caches/modules-2/files-2.1/com.fasterxml.jackson.datatype/jackson-datatype-jsr310/2.9.1/dbac0f60c8ea8c6e6cc6a761c0d8f300296fcf3d/jackson-datatype-jsr310-2.9.1.jar:/Users/aeronaut/.gradle/caches/modules-2/files-2.1/com.fasterxml.jackson.module/jackson-module-parameter-names/2.9.1/df51ae82d0878f62f7bdcbd47d423e3cde04b3ef/jackson-module-parameter-names-2.9.1.jar:/Users/aeronaut/.gradle/caches/modules-2/files-2.1/com.fasterxml.jackson.module/jackson-module-kotlin/2.9.1/cf37d75de23b87a664ea0b497b04fc601a783f2a/jackson-module-kotlin-2.9.1.jar:/Users/aeronaut/.gradle/caches/modules-2/files-2.1/com.fasterxml.jackson.core/jackson-databind/2.9.1/716da1830a2043f18882fc036ec26eb32cbe5aff/jackson-databind-2.9.1.jar:/Users/aeronaut/.gradle/caches/modules-2/files-2.1/org.apache.tomcat.embed/tomcat-embed-websocket/8.5.20/4df9055507926a2651f691cc9964c50493a0ab29/tomcat-embed-websocket-8.5.20.jar:/Users/aeronaut/.gradle/caches/modules-2/files-2.1/org.apache.tomcat.embed/tomcat-embed-core/8.5.20/b9026ee20f1f6a2b0fc3e51dd806d800901448b0/tomcat-embed-core-8.5.20.jar:/Users/aeronaut/.gradle/caches/modules-2/files-2.1/org.apache.tomcat.embed/tomcat-embed-el/8.5.20/42960f481a8a80f4ffd3b865c2232820e3565bf1/tomcat-embed-el-8.5.20.jar:/Users/aeronaut/.gradle/caches/modules-2/files-2.1/javax.validation/validation-api/1.1.0.Final/8613ae82954779d518631e05daa73a6a954817d5/validation-api-1.1.0.Final.jar:/Users/aeronaut/.gradle/caches/modules-2/files-2.1/org.hibernate.common/hibernate-commons-annotations/5.0.1.Final/71e1cff3fcb20d3b3af4f3363c3ddb24d33c6879/hibernate-commons-annotations-5.0.1.Final.jar:/Users/aeronaut/.gradle/caches/modules-2/files-2.1/org.jboss.logging/jboss-logging/3.3.1.Final/c46217ab74b532568c0ed31dc599db3048bd1b67/jboss-logging-3.3.1.Final.jar:/Users/aeronaut/.gradle/caches/modules-2/files-2.1/com.fasterxml/classmate/1.3.4/3d5f48f10bbe4eb7bd862f10c0583be2e0053c6/classmate-1.3.4.jar:/Users/aeronaut/.gradle/caches/modules-2/files-2.1/org.aspectj/aspectjweaver/1.8.10/e198c5fee28988c355f74e06461614eae36b2032/aspectjweaver-1.8.10.jar:/Users/aeronaut/.gradle/caches/modules-2/files-2.1/com.zaxxer/HikariCP/2.7.1/5492f5fd78d3bf8df83e14ad996aa1077b594040/HikariCP-2.7.1.jar:/Users/aeronaut/.gradle/caches/modules-2/files-2.1/org.hibernate.javax.persistence/hibernate-jpa-2.1-api/1.0.0.Final/5e731d961297e5a07290bfaf3db1fbc8bbbf405a/hibernate-jpa-2.1-api-1.0.0.Final.jar:/Users/aeronaut/.gradle/caches/modules-2/files-2.1/org.javassist/javassist/3.21.0-GA/598244f595db5c5fb713731eddbb1c91a58d959b/javassist-3.21.0-GA.jar:/Users/aeronaut/.gradle/caches/modules-2/files-2.1/antlr/antlr/2.7.7/83cd2cd674a217ade95a4bb83a8a14f351f48bd0/antlr-2.7.7.jar:/Users/aeronaut/.gradle/caches/modules-2/files-2.1/org.jboss/jandex/2.0.3.Final/bfc4d6257dbff7a33a357f0de116be6ff951d849/jandex-2.0.3.Final.jar:/Users/aeronaut/.gradle/caches/modules-2/files-2.1/dom4j/dom4j/1.6.1/5d3ccc056b6f056dbf0dddfdf43894b9065a8f94/dom4j-1.6.1.jar:/Users/aeronaut/.gradle/caches/modules-2/files-2.1/ch.qos.logback/logback-classic/1.2.3/7c4f3c474fb2c041d8028740440937705ebb473a/logback-classic-1.2.3.jar:/Users/aeronaut/.gradle/caches/modules-2/files-2.1/org.slf4j/jul-to-slf4j/1.7.25/af5364cd6679bfffb114f0dec8a157aaa283b76/jul-to-slf4j-1.7.25.jar:/Users/aeronaut/.gradle/caches/modules-2/files-2.1/org.slf4j/log4j-over-slf4j/1.7.25/a87bb47468f47ee7aabbd54f93e133d4215769c3/log4j-over-slf4j-1.7.25.jar:/Users/aeronaut/.gradle/caches/modules-2/files-2.1/org.slf4j/slf4j-api/1.7.25/da76ca59f6a57ee3102f8f9bd9cee742973efa8a/slf4j-api-1.7.25.jar:/Users/aeronaut/.gradle/caches/modules-2/files-2.1/net.minidev/json-smart/2.3/7396407491352ce4fa30de92efb158adb76b5b/json-smart-2.3.jar:/Users/aeronaut/.gradle/caches/modules-2/files-2.1/net.bytebuddy/byte-buddy/1.7.5/baf12b76298eed6a244d9a4de6b5c3baa27ffa0e/byte-buddy-1.7.5.jar:/Users/aeronaut/.gradle/caches/modules-2/files-2.1/net.bytebuddy/byte-buddy-agent/1.7.5/a1b09c42c7d94a3e6e18da0155fcb4067327f199/byte-buddy-agent-1.7.5.jar:/Users/aeronaut/.gradle/caches/modules-2/files-2.1/org.objenesis/objenesis/2.6/639033469776fd37c08358c6b92a4761feb2af4b/objenesis-2.6.jar:/Users/aeronaut/.gradle/caches/modules-2/files-2.1/com.vaadin.external.google/android-json/0.0.20131108.vaadin1/fa26d351fe62a6a17f5cda1287c1c6110dec413f/android-json-0.0.20131108.vaadin1.jar:/Users/aeronaut/.gradle/caches/modules-2/files-2.1/org.springframework/spring-jcl/5.0.0.RC4/4bfa3091e3d3860badd2f9ef1ec14dfa0e1607dc/spring-jcl-5.0.0.RC4.jar:/Users/aeronaut/.gradle/caches/modules-2/files-2.1/com.fasterxml.jackson.core/jackson-annotations/2.9.0/7c10d545325e3a6e72e06381afe469fd40eb701/jackson-annotations-2.9.0.jar:/Users/aeronaut/.gradle/caches/modules-2/files-2.1/com.fasterxml.jackson.core/jackson-core/2.9.1/60077fe98b11e4e7cf8af9b20609326a166d6ac4/jackson-core-2.9.1.jar:/Users/aeronaut/.gradle/caches/modules-2/files-2.1/net.minidev/accessors-smart/1.2/c592b500269bfde36096641b01238a8350f8aa31/accessors-smart-1.2.jar:/Users/aeronaut/.gradle/caches/modules-2/files-2.1/ch.qos.logback/logback-core/1.2.3/864344400c3d4d92dfeb0a305dc87d953677c03c/logback-core-1.2.3.jar:/Users/aeronaut/.gradle/caches/modules-2/files-2.1/org.ow2.asm/asm/5.0.4/da08b8cce7bbf903602a25a3a163ae252435795/asm-5.0.4.jar, user.name=aeronaut, java.vm.specification.version=1.8, sun.java.command=worker.org.gradle.process.internal.worker.GradleWorkerMain 'Gradle Test Executor 1', java.home=/Library/Java/JavaVirtualMachines/jdk1.8.0_121.jdk/Contents/Home/jre, sun.arch.data.model=64, user.language=pl, java.specification.vendor=Oracle Corporation, awt.toolkit=sun.lwawt.macosx.LWCToolkit, java.vm.info=mixed mode, java.version=1.8.0_121, java.ext.dirs=/Users/aeronaut/Library/Java/Extensions:/Library/Java/JavaVirtualMachines/jdk1.8.0_121.jdk/Contents/Home/jre/lib/ext:/Library/Java/Extensions:/Network/Library/Java/Extensions:/System/Library/Java/Extensions:/usr/lib/java, sun.boot.class.path=/Library/Java/JavaVirtualMachines/jdk1.8.0_121.jdk/Contents/Home/jre/lib/resources.jar:/Library/Java/JavaVirtualMachines/jdk1.8.0_121.jdk/Contents/Home/jre/lib/rt.jar:/Library/Java/JavaVirtualMachines/jdk1.8.0_121.jdk/Contents/Home/jre/lib/sunrsasign.jar:/Library/Java/JavaVirtualMachines/jdk1.8.0_121.jdk/Contents/Home/jre/lib/jsse.jar:/Library/Java/JavaVirtualMachines/jdk1.8.0_121.jdk/Contents/Home/jre/lib/jce.jar:/Library/Java/JavaVirtualMachines/jdk1.8.0_121.jdk/Contents/Home/jre/lib/charsets.jar:/Library/Java/JavaVirtualMachines/jdk1.8.0_121.jdk/Contents/Home/jre/lib/jfr.jar:/Library/Java/JavaVirtualMachines/jdk1.8.0_121.jdk/Contents/Home/jre/classes, java.vendor=Oracle Corporation, org.gradle.test.worker=1, file.separator=/, java.vendor.url.bug=http://bugreport.sun.com/bugreport/, sun.io.unicode.encoding=UnicodeBig, sun.cpu.endian=little, socksNonProxyHosts=local|*.local|169.254/16|*.169.254/16, ftp.nonProxyHosts=local|*.local|169.254/16|*.169.254/16, sun.cpu.isalist=}}, SystemEnvironmentPropertySource@125388601 {name='systemEnvironment', properties={PATH=/usr/local/bin:/usr/bin:/bin:/usr/sbin:/sbin:/usr/local/mysql/bin, APP_NAME_3424=Gradle, JAVA_ARCH=x86_64, SHELL=/bin/bash, APP_ICON_3424=/Users/aeronaut/Downloads/kodilla-tasks-e48de4f3cb0bb3bab3ddf1a984e6caa4920fedaf/media/gradle.icns, OLDPWD=/Users/aeronaut/Downloads/kodilla-tasks-e48de4f3cb0bb3bab3ddf1a984e6caa4920fedaf, TERM=xterm-256color, USER=aeronaut, TMPDIR=/var/folders/3k/6rgjm1315n9d8fn3nzv93hdc0000gn/T/, SSH_AUTH_SOCK=/private/tmp/com.apple.launchd.g65AegHmfk/Listeners, XPC_FLAGS=0x0, __CF_USER_TEXT_ENCODING=0x1F5:0x1D:0x2A, JAVA_MAIN_CLASS_3424=org.gradle.wrapper.GradleWrapperMain, Apple_PubSub_Socket_Render=/private/tmp/com.apple.launchd.b57sVlLfOU/Render, com.apple.java.jvmTask=CommandLine, LOGNAME=aeronaut, LC_CTYPE=pl_PL.UTF-8, XPC_SERVICE_NAME=0, PWD=/Users/aeronaut/Downloads/kodilla-tasks-e48de4f3cb0bb3bab3ddf1a984e6caa4920fedaf, JAVA_MAIN_CLASS_3436=worker.org.gradle.process.internal.worker.GradleWorkerMain, SHLVL=1, HOME=/Users/aeronaut}}]
19:32:06.822 [Test worker] DEBUG org.springframework.core.io.support.PathMatchingResourcePatternResolver - Resolved classpath location [com/crud/tasks/] to resources [URL [file:/Users/aeronaut/Downloads/kodilla-tasks-e48de4f3cb0bb3bab3ddf1a984e6caa4920fedaf/build/classes/java/test/com/crud/tasks/], URL [file:/Users/aeronaut/Downloads/kodilla-tasks-e48de4f3cb0bb3bab3ddf1a984e6caa4920fedaf/build/classes/java/main/com/crud/tasks/]]
19:32:06.822 [Test worker] DEBUG org.springframework.core.io.support.PathMatchingResourcePatternResolver - Looking for matching resources in directory tree [/Users/aeronaut/Downloads/kodilla-tasks-e48de4f3cb0bb3bab3ddf1a984e6caa4920fedaf/build/classes/java/test/com/crud/tasks]
19:32:06.823 [Test worker] DEBUG org.springframework.core.io.support.PathMatchingResourcePatternResolver - Searching directory [/Users/aeronaut/Downloads/kodilla-tasks-e48de4f3cb0bb3bab3ddf1a984e6caa4920fedaf/build/classes/java/test/com/crud/tasks] for files matching pattern [/Users/aeronaut/Downloads/kodilla-tasks-e48de4f3cb0bb3bab3ddf1a984e6caa4920fedaf/build/classes/java/test/com/crud/tasks/*.class]
19:32:06.825 [Test worker] DEBUG org.springframework.core.io.support.PathMatchingResourcePatternResolver - Looking for matching resources in directory tree [/Users/aeronaut/Downloads/kodilla-tasks-e48de4f3cb0bb3bab3ddf1a984e6caa4920fedaf/build/classes/java/main/com/crud/tasks]
19:32:06.825 [Test worker] DEBUG org.springframework.core.io.support.PathMatchingResourcePatternResolver - Searching directory [/Users/aeronaut/Downloads/kodilla-tasks-e48de4f3cb0bb3bab3ddf1a984e6caa4920fedaf/build/classes/java/main/com/crud/tasks] for files matching pattern [/Users/aeronaut/Downloads/kodilla-tasks-e48de4f3cb0bb3bab3ddf1a984e6caa4920fedaf/build/classes/java/main/com/crud/tasks/*.class]
19:32:06.826 [Test worker] DEBUG org.springframework.core.io.support.PathMatchingResourcePatternResolver - Resolved location pattern [classpath*:com/crud/tasks/*.class] to resources [file [/Users/aeronaut/Downloads/kodilla-tasks-e48de4f3cb0bb3bab3ddf1a984e6caa4920fedaf/build/classes/java/test/com/crud/tasks/TasksApplicationTests.class], file [/Users/aeronaut/Downloads/kodilla-tasks-e48de4f3cb0bb3bab3ddf1a984e6caa4920fedaf/build/classes/java/main/com/crud/tasks/TasksApplication.class]]
19:32:06.876 [Test worker] DEBUG org.springframework.context.annotation.ClassPathScanningCandidateComponentProvider - Identified candidate component class: file [/Users/aeronaut/Downloads/kodilla-tasks-e48de4f3cb0bb3bab3ddf1a984e6caa4920fedaf/build/classes/java/main/com/crud/tasks/TasksApplication.class]
19:32:06.877 [Test worker] INFO org.springframework.boot.test.context.SpringBootTestContextBootstrapper - Found @SpringBootConfiguration com.crud.tasks.TasksApplication for test class com.crud.tasks.TasksApplicationTests
19:32:07.014 [Test worker] DEBUG org.springframework.boot.test.context.SpringBootTestContextBootstrapper - @TestExecutionListeners is not present for class [com.crud.tasks.TasksApplicationTests]: using defaults.
19:32:07.014 [Test worker] INFO org.springframework.boot.test.context.SpringBootTestContextBootstrapper - Loaded default TestExecutionListener class names from location [META-INF/spring.factories]: [org.springframework.boot.test.autoconfigure.restdocs.RestDocsTestExecutionListener, org.springframework.boot.test.autoconfigure.web.client.MockRestServiceServerResetTestExecutionListener, org.springframework.boot.test.autoconfigure.web.servlet.MockMvcPrintOnlyOnFailureTestExecutionListener, org.springframework.boot.test.autoconfigure.web.servlet.WebDriverTestExecutionListener, org.springframework.boot.test.mock.mockito.MockitoTestExecutionListener, org.springframework.boot.test.mock.mockito.ResetMocksTestExecutionListener, org.springframework.test.context.web.ServletTestExecutionListener, org.springframework.test.context.support.DirtiesContextBeforeModesTestExecutionListener, org.springframework.test.context.support.DependencyInjectionTestExecutionListener, org.springframework.test.context.support.DirtiesContextTestExecutionListener, org.springframework.test.context.transaction.TransactionalTestExecutionListener, org.springframework.test.context.jdbc.SqlScriptsTestExecutionListener]
19:32:07.034 [Test worker] INFO org.springframework.boot.test.context.SpringBootTestContextBootstrapper - Using TestExecutionListeners: [org.springframework.test.context.web.ServletTestExecutionListener@7c1983bd, org.springframework.test.context.support.DirtiesContextBeforeModesTestExecutionListener@1334f8e9, org.springframework.boot.test.autoconfigure.SpringBootDependencyInjectionTestExecutionListener@292f3eec, org.springframework.test.context.support.DirtiesContextTestExecutionListener@7b8618fa, org.springframework.test.context.transaction.TransactionalTestExecutionListener@4bb2685c, org.springframework.test.context.jdbc.SqlScriptsTestExecutionListener@7ff53273, org.springframework.boot.test.autoconfigure.web.servlet.WebDriverTestExecutionListener@2ffdbb3f, org.springframework.boot.test.autoconfigure.web.client.MockRestServiceServerResetTestExecutionListener@647727f2, org.springframework.boot.test.mock.mockito.MockitoTestExecutionListener@3cdf53a8, org.springframework.boot.test.autoconfigure.restdocs.RestDocsTestExecutionListener@6a6f98ea, org.springframework.boot.test.autoconfigure.web.servlet.MockMvcPrintOnlyOnFailureTestExecutionListener@2809e2db, org.springframework.boot.test.mock.mockito.ResetMocksTestExecutionListener@759c089f]
19:32:07.037 [Test worker] DEBUG org.springframework.test.annotation.ProfileValueUtils - Retrieved @ProfileValueSourceConfiguration [null] for test class [com.crud.tasks.TasksApplicationTests]
19:32:07.037 [Test worker] DEBUG org.springframework.test.annotation.ProfileValueUtils - Retrieved ProfileValueSource type [class org.springframework.test.annotation.SystemProfileValueSource] for class [com.crud.tasks.TasksApplicationTests]
19:32:07.038 [Test worker] DEBUG org.springframework.test.annotation.ProfileValueUtils - Retrieved @ProfileValueSourceConfiguration [null] for test class [com.crud.tasks.TasksApplicationTests]
19:32:07.038 [Test worker] DEBUG org.springframework.test.annotation.ProfileValueUtils - Retrieved ProfileValueSource type [class org.springframework.test.annotation.SystemProfileValueSource] for class [com.crud.tasks.TasksApplicationTests]
19:32:07.043 [Test worker] DEBUG org.springframework.test.context.support.AbstractDirtiesContextTestExecutionListener - Before test class: context [DefaultTestContext@2510c55 testClass = TasksApplicationTests, testInstance = [null], testMethod = [null], testException = [null], mergedContextConfiguration = [WebMergedContextConfiguration@1b979c34 testClass = TasksApplicationTests, locations = '{}', classes = '{class com.crud.tasks.TasksApplication}', contextInitializerClasses = '[]', activeProfiles = '{}', propertySourceLocations = '{}', propertySourceProperties = '{org.springframework.boot.test.context.SpringBootTestContextBootstrapper=true}', contextCustomizers = set[org.springframework.boot.test.autoconfigure.properties.PropertyMappingContextCustomizer@0, org.springframework.boot.test.autoconfigure.web.servlet.WebDriverContextCustomizerFactory$Customizer@397ba90, org.springframework.boot.test.context.SpringBootTestContextCustomizer@72b5f162, org.springframework.boot.test.context.filter.ExcludeFilterContextCustomizer@60c974ec, org.springframework.boot.test.json.DuplicateJsonObjectContextCustomizerFactory$DuplicateJsonObjectContextCustomizer@53067b, org.springframework.boot.test.mock.mockito.MockitoContextCustomizer@0], resourceBasePath = 'src/main/webapp', contextLoader = 'org.springframework.boot.test.context.SpringBootContextLoader', parent = [null]], attributes = map['org.springframework.test.context.web.ServletTestExecutionListener.activateListener' -> true]], class annotated with @DirtiesContext [false] with mode [null].
19:32:07.044 [Test worker] DEBUG org.springframework.test.annotation.ProfileValueUtils - Retrieved @ProfileValueSourceConfiguration [null] for test class [com.crud.tasks.TasksApplicationTests]
19:32:07.044 [Test worker] DEBUG org.springframework.test.annotation.ProfileValueUtils - Retrieved ProfileValueSource type [class org.springframework.test.annotation.SystemProfileValueSource] for class [com.crud.tasks.TasksApplicationTests]
19:32:07.061 [Test worker] DEBUG org.springframework.core.env.StandardEnvironment - Adding PropertySource 'systemProperties' with lowest search precedence
19:32:07.061 [Test worker] DEBUG org.springframework.core.env.StandardEnvironment - Adding PropertySource 'systemEnvironment' with lowest search precedence
19:32:07.061 [Test worker] DEBUG org.springframework.core.env.StandardEnvironment - Initialized StandardEnvironment with PropertySources [MapPropertySource@2055605592 {name='systemProperties', properties={java.runtime.name=Java(TM) SE Runtime Environment, sun.boot.library.path=/Library/Java/JavaVirtualMachines/jdk1.8.0_121.jdk/Contents/Home/jre/lib, java.vm.version=25.121-b13, gopherProxySet=false, java.vm.vendor=Oracle Corporation, java.vendor.url=http://java.oracle.com/, path.separator=:, java.vm.name=Java HotSpot(TM) 64-Bit Server VM, file.encoding.pkg=sun.io, sun.java.launcher=SUN_STANDARD, user.country=PL, sun.os.patch.level=unknown, java.vm.specification.name=Java Virtual Machine Specification, user.dir=/Users/aeronaut/Downloads/kodilla-tasks-e48de4f3cb0bb3bab3ddf1a984e6caa4920fedaf, java.runtime.version=1.8.0_121-b13, java.awt.graphicsenv=sun.awt.CGraphicsEnvironment, java.endorsed.dirs=/Library/Java/JavaVirtualMachines/jdk1.8.0_121.jdk/Contents/Home/jre/lib/endorsed, os.arch=x86_64, java.io.tmpdir=/var/folders/3k/6rgjm1315n9d8fn3nzv93hdc0000gn/T/, line.separator=
, java.vm.specification.vendor=Oracle Corporation, user.variant=, os.name=Mac OS X, sun.jnu.encoding=UTF-8, java.library.path=/Users/aeronaut/Library/Java/Extensions:/Library/Java/Extensions:/Network/Library/Java/Extensions:/System/Library/Java/Extensions:/usr/lib/java:., java.specification.name=Java Platform API Specification, java.class.version=52.0, org.gradle.native=false, sun.management.compiler=HotSpot 64-Bit Tiered Compilers, os.version=10.13.1, http.nonProxyHosts=local|*.local|169.254/16|*.169.254/16, user.home=/Users/aeronaut, user.timezone=Europe/Warsaw, java.awt.printerjob=sun.lwawt.macosx.CPrinterJob, file.encoding=UTF-8, java.specification.version=1.8, java.class.path=/Users/aeronaut/Downloads/kodilla-tasks-e48de4f3cb0bb3bab3ddf1a984e6caa4920fedaf/build/classes/java/test:/Users/aeronaut/Downloads/kodilla-tasks-e48de4f3cb0bb3bab3ddf1a984e6caa4920fedaf/build/resources/test:/Users/aeronaut/Downloads/kodilla-tasks-e48de4f3cb0bb3bab3ddf1a984e6caa4920fedaf/build/classes/java/main:/Users/aeronaut/Downloads/kodilla-tasks-e48de4f3cb0bb3bab3ddf1a984e6caa4920fedaf/build/resources/main:/Users/aeronaut/.gradle/caches/modules-2/files-2.1/org.springframework.boot/spring-boot-starter-web/2.0.0.M4/b43468c97c2ffde31470a6b87064bc633e10f8ec/spring-boot-starter-web-2.0.0.M4.jar:/Users/aeronaut/.gradle/caches/modules-2/files-2.1/org.projectlombok/lombok/1.16.18/557d13dcb647038dc687390711ccb5c9b3ffbd60/lombok-1.16.18.jar:/Users/aeronaut/.gradle/caches/modules-2/files-2.1/org.springframework.boot/spring-boot-starter-data-jpa/2.0.0.M4/75c591446d1ae4461317e0eeaf186aa070ed9dd9/spring-boot-starter-data-jpa-2.0.0.M4.jar:/Users/aeronaut/.gradle/caches/modules-2/files-2.1/mysql/mysql-connector-java/5.1.44/61b6b998192c85bb581c6be90e03dcd4b9079db4/mysql-connector-java-5.1.44.jar:/Users/aeronaut/.gradle/caches/modules-2/files-2.1/org.springframework.boot/spring-boot-starter-test/2.0.0.M4/345ab82eb3054fe7baf7226dfa1b14a2d8816329/spring-boot-starter-test-2.0.0.M4.jar:/Users/aeronaut/.gradle/caches/modules-2/files-2.1/org.springframework.boot/spring-boot-starter-json/2.0.0.M4/a013d61ffdba5cac7159a98df179638fcdb792cb/spring-boot-starter-json-2.0.0.M4.jar:/Users/aeronaut/.gradle/caches/modules-2/files-2.1/org.springframework.boot/spring-boot-starter-aop/2.0.0.M4/be5a7d715e170d5c32b592a1ca72ba43ced3d280/spring-boot-starter-aop-2.0.0.M4.jar:/Users/aeronaut/.gradle/caches/modules-2/files-2.1/org.springframework.boot/spring-boot-starter-jdbc/2.0.0.M4/ce41ed9d9e12f87342a5447c4ac6f009506b2ca/spring-boot-starter-jdbc-2.0.0.M4.jar:/Users/aeronaut/.gradle/caches/modules-2/files-2.1/org.springframework.boot/spring-boot-starter/2.0.0.M4/db46948efde9adbe5ec9114e6f3e861eb88f6536/spring-boot-starter-2.0.0.M4.jar:/Users/aeronaut/.gradle/caches/modules-2/files-2.1/org.springframework.boot/spring-boot-starter-tomcat/2.0.0.M4/d635f5b039a55a466706c0509bffba70289320e7/spring-boot-starter-tomcat-2.0.0.M4.jar:/Users/aeronaut/.gradle/caches/modules-2/files-2.1/org.hibernate/hibernate-validator/5.4.1.Final/fc71e53520e1030d278f682b796c88265b94c699/hibernate-validator-5.4.1.Final.jar:/Users/aeronaut/.gradle/caches/modules-2/files-2.1/org.springframework/spring-webmvc/5.0.0.RC4/754d0d8feb2b7fcd369527f65a99bc22032e988d/spring-webmvc-5.0.0.RC4.jar:/Users/aeronaut/.gradle/caches/modules-2/files-2.1/org.springframework/spring-web/5.0.0.RC4/cf27c3bc21695051660cc1c318d00ee28b44200/spring-web-5.0.0.RC4.jar:/Users/aeronaut/.gradle/caches/modules-2/files-2.1/org.hibernate/hibernate-core/5.2.10.Final/b46a4ba34b52d335cc45c0f33d029f782f7db887/hibernate-core-5.2.10.Final.jar:/Users/aeronaut/.gradle/caches/modules-2/files-2.1/javax.transaction/javax.transaction-api/1.2/d81aff979d603edd90dcd8db2abc1f4ce6479e3e/javax.transaction-api-1.2.jar:/Users/aeronaut/.gradle/caches/modules-2/files-2.1/org.springframework.data/spring-data-jpa/2.0.0.RC3/d855fee0a49ebcfe83f47aaf4bc3613b5823f82f/spring-data-jpa-2.0.0.RC3.jar:/Users/aeronaut/.gradle/caches/modules-2/files-2.1/org.springframework/spring-aspects/5.0.0.RC4/c19c9d59cff8b2285470e840d190b3b54c17f0a1/spring-aspects-5.0.0.RC4.jar:/Users/aeronaut/.gradle/caches/modules-2/files-2.1/org.springframework.boot/spring-boot-test-autoconfigure/2.0.0.M4/bec16c238df0a767769746cc14b80bffd44776fa/spring-boot-test-autoconfigure-2.0.0.M4.jar:/Users/aeronaut/.gradle/caches/modules-2/files-2.1/org.springframework.boot/spring-boot-test/2.0.0.M4/33e5a8069d6d88b927747c06f054a9406dd56b5c/spring-boot-test-2.0.0.M4.jar:/Users/aeronaut/.gradle/caches/modules-2/files-2.1/com.jayway.jsonpath/json-path/2.4.0/765a4401ceb2dc8d40553c2075eb80a8fa35c2ae/json-path-2.4.0.jar:/Users/aeronaut/.gradle/caches/modules-2/files-2.1/junit/junit/4.12/2973d150c0dc1fefe998f834810d68f278ea58ec/junit-4.12.jar:/Users/aeronaut/.gradle/caches/modules-2/files-2.1/org.assertj/assertj-core/3.8.0/b209d90ff2e279bee3e02547ee7b11349c52d0e3/assertj-core-3.8.0.jar:/Users/aeronaut/.gradle/caches/modules-2/files-2.1/org.mockito/mockito-core/2.9.0/f28b9606eca8da77e10df30a7e301f589733143e/mockito-core-2.9.0.jar:/Users/aeronaut/.gradle/caches/modules-2/files-2.1/org.hamcrest/hamcrest-library/1.3/4785a3c21320980282f9f33d0d1264a69040538f/hamcrest-library-1.3.jar:/Users/aeronaut/.gradle/caches/modules-2/files-2.1/org.hamcrest/hamcrest-core/1.3/42a25dc3219429f0e5d060061f71acb49bf010a0/hamcrest-core-1.3.jar:/Users/aeronaut/.gradle/caches/modules-2/files-2.1/org.skyscreamer/jsonassert/1.5.0/6c9d5fe2f59da598d9aefc1cfc6528ff3cf32df3/jsonassert-1.5.0.jar:/Users/aeronaut/.gradle/caches/modules-2/files-2.1/org.springframework/spring-test/5.0.0.RC4/c4b3806408c392ae782896f13249518565fb8814/spring-test-5.0.0.RC4.jar:/Users/aeronaut/.gradle/caches/modules-2/files-2.1/org.springframework.boot/spring-boot-autoconfigure/2.0.0.M4/8c28e5399cb6189a41ebbaea9fdc2de965fe443d/spring-boot-autoconfigure-2.0.0.M4.jar:/Users/aeronaut/.gradle/caches/modules-2/files-2.1/org.springframework.boot/spring-boot/2.0.0.M4/56c04c9f6a00dbbc3168b7878281054f89710ca8/spring-boot-2.0.0.M4.jar:/Users/aeronaut/.gradle/caches/modules-2/files-2.1/org.springframework/spring-context/5.0.0.RC4/cddda6e9ec8832b4bfbbf1896dd66c2dce1411e9/spring-context-5.0.0.RC4.jar:/Users/aeronaut/.gradle/caches/modules-2/files-2.1/org.springframework/spring-expression/5.0.0.RC4/3ca598b777aaac8d85885d45bd48ec505139b2b3/spring-expression-5.0.0.RC4.jar:/Users/aeronaut/.gradle/caches/modules-2/files-2.1/org.springframework/spring-orm/5.0.0.RC4/38c9f43b586192213ed29f521e38564692a11227/spring-orm-5.0.0.RC4.jar:/Users/aeronaut/.gradle/caches/modules-2/files-2.1/org.springframework/spring-jdbc/5.0.0.RC4/b70f95cb51ceab6e86e325bc0d2032cc303e9876/spring-jdbc-5.0.0.RC4.jar:/Users/aeronaut/.gradle/caches/modules-2/files-2.1/org.springframework.data/spring-data-commons/2.0.0.RC3/3de621a7238eba0ef5662afd4fdadd6e9b622070/spring-data-commons-2.0.0.RC3.jar:/Users/aeronaut/.gradle/caches/modules-2/files-2.1/org.springframework/spring-tx/5.0.0.RC4/ab83aed3ea6d5fc54198e4df993750c646b1dee2/spring-tx-5.0.0.RC4.jar:/Users/aeronaut/.gradle/caches/modules-2/files-2.1/org.springframework/spring-aop/5.0.0.RC4/d99ef31ffe80090a571bcb9d1e3c5afe3277cc47/spring-aop-5.0.0.RC4.jar:/Users/aeronaut/.gradle/caches/modules-2/files-2.1/org.springframework/spring-beans/5.0.0.RC4/79402ff116f0606a00759c5ca15d160bf585e9b3/spring-beans-5.0.0.RC4.jar:/Users/aeronaut/.gradle/caches/modules-2/files-2.1/org.springframework/spring-core/5.0.0.RC4/b3eb9c84526ee5dccf59cc2fd14be4ac5d954f4e/spring-core-5.0.0.RC4.jar:/Users/aeronaut/.gradle/caches/modules-2/files-2.1/org.springframework.boot/spring-boot-starter-logging/2.0.0.M4/df32b4ae1d8281df491014260e4337a5a00e5d5e/spring-boot-starter-logging-2.0.0.M4.jar:/Users/aeronaut/.gradle/caches/modules-2/files-2.1/javax.annotation/javax.annotation-api/1.3/67747496d8b5c1f300ed3cde4ba69d6f453ba984/javax.annotation-api-1.3.jar:/Users/aeronaut/.gradle/caches/modules-2/files-2.1/org.yaml/snakeyaml/1.18/e4a441249ade301985cb8d009d4e4a72b85bf68e/snakeyaml-1.18.jar:/Users/aeronaut/.gradle/caches/modules-2/files-2.1/com.fasterxml.jackson.datatype/jackson-datatype-jdk8/2.9.1/dc5c9b4349c1c18388aa1ec5a9264e6893b732a8/jackson-datatype-jdk8-2.9.1.jar:/Users/aeronaut/.gradle/caches/modules-2/files-2.1/com.fasterxml.jackson.datatype/jackson-datatype-jsr310/2.9.1/dbac0f60c8ea8c6e6cc6a761c0d8f300296fcf3d/jackson-datatype-jsr310-2.9.1.jar:/Users/aeronaut/.gradle/caches/modules-2/files-2.1/com.fasterxml.jackson.module/jackson-module-parameter-names/2.9.1/df51ae82d0878f62f7bdcbd47d423e3cde04b3ef/jackson-module-parameter-names-2.9.1.jar:/Users/aeronaut/.gradle/caches/modules-2/files-2.1/com.fasterxml.jackson.module/jackson-module-kotlin/2.9.1/cf37d75de23b87a664ea0b497b04fc601a783f2a/jackson-module-kotlin-2.9.1.jar:/Users/aeronaut/.gradle/caches/modules-2/files-2.1/com.fasterxml.jackson.core/jackson-databind/2.9.1/716da1830a2043f18882fc036ec26eb32cbe5aff/jackson-databind-2.9.1.jar:/Users/aeronaut/.gradle/caches/modules-2/files-2.1/org.apache.tomcat.embed/tomcat-embed-websocket/8.5.20/4df9055507926a2651f691cc9964c50493a0ab29/tomcat-embed-websocket-8.5.20.jar:/Users/aeronaut/.gradle/caches/modules-2/files-2.1/org.apache.tomcat.embed/tomcat-embed-core/8.5.20/b9026ee20f1f6a2b0fc3e51dd806d800901448b0/tomcat-embed-core-8.5.20.jar:/Users/aeronaut/.gradle/caches/modules-2/files-2.1/org.apache.tomcat.embed/tomcat-embed-el/8.5.20/42960f481a8a80f4ffd3b865c2232820e3565bf1/tomcat-embed-el-8.5.20.jar:/Users/aeronaut/.gradle/caches/modules-2/files-2.1/javax.validation/validation-api/1.1.0.Final/8613ae82954779d518631e05daa73a6a954817d5/validation-api-1.1.0.Final.jar:/Users/aeronaut/.gradle/caches/modules-2/files-2.1/org.hibernate.common/hibernate-commons-annotations/5.0.1.Final/71e1cff3fcb20d3b3af4f3363c3ddb24d33c6879/hibernate-commons-annotations-5.0.1.Final.jar:/Users/aeronaut/.gradle/caches/modules-2/files-2.1/org.jboss.logging/jboss-logging/3.3.1.Final/c46217ab74b532568c0ed31dc599db3048bd1b67/jboss-logging-3.3.1.Final.jar:/Users/aeronaut/.gradle/caches/modules-2/files-2.1/com.fasterxml/classmate/1.3.4/3d5f48f10bbe4eb7bd862f10c0583be2e0053c6/classmate-1.3.4.jar:/Users/aeronaut/.gradle/caches/modules-2/files-2.1/org.aspectj/aspectjweaver/1.8.10/e198c5fee28988c355f74e06461614eae36b2032/aspectjweaver-1.8.10.jar:/Users/aeronaut/.gradle/caches/modules-2/files-2.1/com.zaxxer/HikariCP/2.7.1/5492f5fd78d3bf8df83e14ad996aa1077b594040/HikariCP-2.7.1.jar:/Users/aeronaut/.gradle/caches/modules-2/files-2.1/org.hibernate.javax.persistence/hibernate-jpa-2.1-api/1.0.0.Final/5e731d961297e5a07290bfaf3db1fbc8bbbf405a/hibernate-jpa-2.1-api-1.0.0.Final.jar:/Users/aeronaut/.gradle/caches/modules-2/files-2.1/org.javassist/javassist/3.21.0-GA/598244f595db5c5fb713731eddbb1c91a58d959b/javassist-3.21.0-GA.jar:/Users/aeronaut/.gradle/caches/modules-2/files-2.1/antlr/antlr/2.7.7/83cd2cd674a217ade95a4bb83a8a14f351f48bd0/antlr-2.7.7.jar:/Users/aeronaut/.gradle/caches/modules-2/files-2.1/org.jboss/jandex/2.0.3.Final/bfc4d6257dbff7a33a357f0de116be6ff951d849/jandex-2.0.3.Final.jar:/Users/aeronaut/.gradle/caches/modules-2/files-2.1/dom4j/dom4j/1.6.1/5d3ccc056b6f056dbf0dddfdf43894b9065a8f94/dom4j-1.6.1.jar:/Users/aeronaut/.gradle/caches/modules-2/files-2.1/ch.qos.logback/logback-classic/1.2.3/7c4f3c474fb2c041d8028740440937705ebb473a/logback-classic-1.2.3.jar:/Users/aeronaut/.gradle/caches/modules-2/files-2.1/org.slf4j/jul-to-slf4j/1.7.25/af5364cd6679bfffb114f0dec8a157aaa283b76/jul-to-slf4j-1.7.25.jar:/Users/aeronaut/.gradle/caches/modules-2/files-2.1/org.slf4j/log4j-over-slf4j/1.7.25/a87bb47468f47ee7aabbd54f93e133d4215769c3/log4j-over-slf4j-1.7.25.jar:/Users/aeronaut/.gradle/caches/modules-2/files-2.1/org.slf4j/slf4j-api/1.7.25/da76ca59f6a57ee3102f8f9bd9cee742973efa8a/slf4j-api-1.7.25.jar:/Users/aeronaut/.gradle/caches/modules-2/files-2.1/net.minidev/json-smart/2.3/7396407491352ce4fa30de92efb158adb76b5b/json-smart-2.3.jar:/Users/aeronaut/.gradle/caches/modules-2/files-2.1/net.bytebuddy/byte-buddy/1.7.5/baf12b76298eed6a244d9a4de6b5c3baa27ffa0e/byte-buddy-1.7.5.jar:/Users/aeronaut/.gradle/caches/modules-2/files-2.1/net.bytebuddy/byte-buddy-agent/1.7.5/a1b09c42c7d94a3e6e18da0155fcb4067327f199/byte-buddy-agent-1.7.5.jar:/Users/aeronaut/.gradle/caches/modules-2/files-2.1/org.objenesis/objenesis/2.6/639033469776fd37c08358c6b92a4761feb2af4b/objenesis-2.6.jar:/Users/aeronaut/.gradle/caches/modules-2/files-2.1/com.vaadin.external.google/android-json/0.0.20131108.vaadin1/fa26d351fe62a6a17f5cda1287c1c6110dec413f/android-json-0.0.20131108.vaadin1.jar:/Users/aeronaut/.gradle/caches/modules-2/files-2.1/org.springframework/spring-jcl/5.0.0.RC4/4bfa3091e3d3860badd2f9ef1ec14dfa0e1607dc/spring-jcl-5.0.0.RC4.jar:/Users/aeronaut/.gradle/caches/modules-2/files-2.1/com.fasterxml.jackson.core/jackson-annotations/2.9.0/7c10d545325e3a6e72e06381afe469fd40eb701/jackson-annotations-2.9.0.jar:/Users/aeronaut/.gradle/caches/modules-2/files-2.1/com.fasterxml.jackson.core/jackson-core/2.9.1/60077fe98b11e4e7cf8af9b20609326a166d6ac4/jackson-core-2.9.1.jar:/Users/aeronaut/.gradle/caches/modules-2/files-2.1/net.minidev/accessors-smart/1.2/c592b500269bfde36096641b01238a8350f8aa31/accessors-smart-1.2.jar:/Users/aeronaut/.gradle/caches/modules-2/files-2.1/ch.qos.logback/logback-core/1.2.3/864344400c3d4d92dfeb0a305dc87d953677c03c/logback-core-1.2.3.jar:/Users/aeronaut/.gradle/caches/modules-2/files-2.1/org.ow2.asm/asm/5.0.4/da08b8cce7bbf903602a25a3a163ae252435795/asm-5.0.4.jar, user.name=aeronaut, java.vm.specification.version=1.8, sun.java.command=worker.org.gradle.process.internal.worker.GradleWorkerMain 'Gradle Test Executor 1', java.home=/Library/Java/JavaVirtualMachines/jdk1.8.0_121.jdk/Contents/Home/jre, sun.arch.data.model=64, user.language=pl, java.specification.vendor=Oracle Corporation, awt.toolkit=sun.lwawt.macosx.LWCToolkit, java.vm.info=mixed mode, java.version=1.8.0_121, java.ext.dirs=/Users/aeronaut/Library/Java/Extensions:/Library/Java/JavaVirtualMachines/jdk1.8.0_121.jdk/Contents/Home/jre/lib/ext:/Library/Java/Extensions:/Network/Library/Java/Extensions:/System/Library/Java/Extensions:/usr/lib/java, sun.boot.class.path=/Library/Java/JavaVirtualMachines/jdk1.8.0_121.jdk/Contents/Home/jre/lib/resources.jar:/Library/Java/JavaVirtualMachines/jdk1.8.0_121.jdk/Contents/Home/jre/lib/rt.jar:/Library/Java/JavaVirtualMachines/jdk1.8.0_121.jdk/Contents/Home/jre/lib/sunrsasign.jar:/Library/Java/JavaVirtualMachines/jdk1.8.0_121.jdk/Contents/Home/jre/lib/jsse.jar:/Library/Java/JavaVirtualMachines/jdk1.8.0_121.jdk/Contents/Home/jre/lib/jce.jar:/Library/Java/JavaVirtualMachines/jdk1.8.0_121.jdk/Contents/Home/jre/lib/charsets.jar:/Library/Java/JavaVirtualMachines/jdk1.8.0_121.jdk/Contents/Home/jre/lib/jfr.jar:/Library/Java/JavaVirtualMachines/jdk1.8.0_121.jdk/Contents/Home/jre/classes, java.vendor=Oracle Corporation, org.gradle.test.worker=1, file.separator=/, java.vendor.url.bug=http://bugreport.sun.com/bugreport/, sun.io.unicode.encoding=UnicodeBig, sun.cpu.endian=little, socksNonProxyHosts=local|*.local|169.254/16|*.169.254/16, ftp.nonProxyHosts=local|*.local|169.254/16|*.169.254/16, sun.cpu.isalist=}}, SystemEnvironmentPropertySource@513101818 {name='systemEnvironment', properties={PATH=/usr/local/bin:/usr/bin:/bin:/usr/sbin:/sbin:/usr/local/mysql/bin, APP_NAME_3424=Gradle, JAVA_ARCH=x86_64, SHELL=/bin/bash, APP_ICON_3424=/Users/aeronaut/Downloads/kodilla-tasks-e48de4f3cb0bb3bab3ddf1a984e6caa4920fedaf/media/gradle.icns, OLDPWD=/Users/aeronaut/Downloads/kodilla-tasks-e48de4f3cb0bb3bab3ddf1a984e6caa4920fedaf, TERM=xterm-256color, USER=aeronaut, TMPDIR=/var/folders/3k/6rgjm1315n9d8fn3nzv93hdc0000gn/T/, SSH_AUTH_SOCK=/private/tmp/com.apple.launchd.g65AegHmfk/Listeners, XPC_FLAGS=0x0, __CF_USER_TEXT_ENCODING=0x1F5:0x1D:0x2A, JAVA_MAIN_CLASS_3424=org.gradle.wrapper.GradleWrapperMain, Apple_PubSub_Socket_Render=/private/tmp/com.apple.launchd.b57sVlLfOU/Render, com.apple.java.jvmTask=CommandLine, LOGNAME=aeronaut, LC_CTYPE=pl_PL.UTF-8, XPC_SERVICE_NAME=0, PWD=/Users/aeronaut/Downloads/kodilla-tasks-e48de4f3cb0bb3bab3ddf1a984e6caa4920fedaf, JAVA_MAIN_CLASS_3436=worker.org.gradle.process.internal.worker.GradleWorkerMain, SHLVL=1, HOME=/Users/aeronaut}}]
19:32:07.073 [Test worker] DEBUG org.springframework.test.context.support.TestPropertySourceUtils - Adding inlined properties to environment: {spring.jmx.enabled=false, org.springframework.boot.test.context.SpringBootTestContextBootstrapper=true, server.port=-1}
19:32:07.073 [Test worker] DEBUG org.springframework.core.env.StandardEnvironment - Adding PropertySource 'Inlined Test Properties' with highest search precedence

  .   ____          _            __ _ _
 /\\ / ___'_ __ _ _(_)_ __  __ _ \ \ \ \
( ( )\___ | '_ | '_| | '_ \/ _` | \ \ \ \
 \\/  ___)| |_)| | | | | || (_| |  ) ) ) )
  '  |____| .__|_| |_|_| |_\__, | / / / /
 =========|_|==============|___/=/_/_/_/
 :: Spring Boot ::             (v2.0.0.M4)

2017-11-04 19:32:07.412  INFO 3436 --- [    Test worker] com.crud.tasks.TasksApplicationTests     : Starting TasksApplicationTests on MacBook-Pro-Aeronaut-2.local with PID 3436 (started by aeronaut in /Users/aeronaut/Downloads/kodilla-tasks-e48de4f3cb0bb3bab3ddf1a984e6caa4920fedaf)
2017-11-04 19:32:07.414  INFO 3436 --- [    Test worker] com.crud.tasks.TasksApplicationTests     : No active profile set, falling back to default profiles: default
2017-11-04 19:32:07.448  INFO 3436 --- [    Test worker] o.s.w.c.s.GenericWebApplicationContext   : Refreshing org.springframework.web.context.support.GenericWebApplicationContext@7b57da14: startup date [Sat Nov 04 19:32:07 CET 2017]; root of context hierarchy
2017-11-04 19:32:09.095  INFO 3436 --- [    Test worker] com.zaxxer.hikari.HikariDataSource       : testdb - Starting...
2017-11-04 19:32:09.404  INFO 3436 --- [    Test worker] com.zaxxer.hikari.HikariDataSource       : testdb - Start completed.
2017-11-04 19:32:09.449  INFO 3436 --- [    Test worker] j.LocalContainerEntityManagerFactoryBean : Building JPA container EntityManagerFactory for persistence unit 'default'
2017-11-04 19:32:09.468  INFO 3436 --- [    Test worker] o.hibernate.jpa.internal.util.LogHelper  : HHH000204: Processing PersistenceUnitInfo [
	name: default
	...]
2017-11-04 19:32:09.641  INFO 3436 --- [    Test worker] org.hibernate.Version                    : HHH000412: Hibernate Core {5.2.10.Final}
2017-11-04 19:32:09.643  INFO 3436 --- [    Test worker] org.hibernate.cfg.Environment            : HHH000206: hibernate.properties not found
2017-11-04 19:32:09.684  INFO 3436 --- [    Test worker] o.hibernate.annotations.common.Version   : HCANN000001: Hibernate Commons Annotations {5.0.1.Final}
2017-11-04 19:32:09.809  INFO 3436 --- [    Test worker] org.hibernate.dialect.Dialect            : HHH000400: Using dialect: org.hibernate.dialect.MySQL5Dialect
2017-11-04 19:32:10.231  INFO 3436 --- [    Test worker] j.LocalContainerEntityManagerFactoryBean : Initialized JPA EntityManagerFactory for persistence unit 'default'
2017-11-04 19:32:11.264  INFO 3436 --- [    Test worker] s.w.s.m.m.a.RequestMappingHandlerAdapter : Looking for @ControllerAdvice: org.springframework.web.context.support.GenericWebApplicationContext@7b57da14: startup date [Sat Nov 04 19:32:07 CET 2017]; root of context hierarchy
2017-11-04 19:32:11.375  INFO 3436 --- [    Test worker] s.w.s.m.m.a.RequestMappingHandlerMapping : Mapped "{[/v1/task/getTasks],methods=[GET]}" onto public java.util.List<com.crud.tasks.domain.TaskDto> com.crud.tasks.controller.TaskController.getTasks()
2017-11-04 19:32:11.376  INFO 3436 --- [    Test worker] s.w.s.m.m.a.RequestMappingHandlerMapping : Mapped "{[/v1/task/{taskId}],methods=[GET]}" onto public com.crud.tasks.domain.TaskDto com.crud.tasks.controller.TaskController.getTaskById(java.lang.String) throws com.crud.tasks.controller.TaskNotFoundException
2017-11-04 19:32:11.377  INFO 3436 --- [    Test worker] s.w.s.m.m.a.RequestMappingHandlerMapping : Mapped "{[/v1/task/{taskId}],methods=[DELETE]}" onto public void com.crud.tasks.controller.TaskController.deleteTask(java.lang.String)
2017-11-04 19:32:11.377  INFO 3436 --- [    Test worker] s.w.s.m.m.a.RequestMappingHandlerMapping : Mapped "{[/v1/task/updateTask],methods=[PUT]}" onto public com.crud.tasks.domain.TaskDto com.crud.tasks.controller.TaskController.updateTask(com.crud.tasks.domain.TaskDto)
2017-11-04 19:32:11.378  INFO 3436 --- [    Test worker] s.w.s.m.m.a.RequestMappingHandlerMapping : Mapped "{[/v1/task/createTask],methods=[POST],consumes=[application/json]}" onto public void com.crud.tasks.controller.TaskController.createTask(com.crud.tasks.domain.TaskDto)
2017-11-04 19:32:11.379  INFO 3436 --- [    Test worker] s.w.s.m.m.a.RequestMappingHandlerMapping : Mapped "{[/v1/trello/getTrelloBoards],methods=[GET]}" onto public void com.crud.tasks.controller.TrelloController.getTrelloBoards()
2017-11-04 19:32:11.383  INFO 3436 --- [    Test worker] s.w.s.m.m.a.RequestMappingHandlerMapping : Mapped "{[/error]}" onto public org.springframework.http.ResponseEntity<java.util.Map<java.lang.String, java.lang.Object>> org.springframework.boot.autoconfigure.web.servlet.error.BasicErrorController.error(javax.servlet.http.HttpServletRequest)
2017-11-04 19:32:11.384  INFO 3436 --- [    Test worker] s.w.s.m.m.a.RequestMappingHandlerMapping : Mapped "{[/error],produces=[text/html]}" onto public org.springframework.web.servlet.ModelAndView org.springframework.boot.autoconfigure.web.servlet.error.BasicErrorController.errorHtml(javax.servlet.http.HttpServletRequest,javax.servlet.http.HttpServletResponse)
2017-11-04 19:32:11.434  INFO 3436 --- [    Test worker] o.s.w.s.handler.SimpleUrlHandlerMapping  : Mapped URL path [/webjars/**] onto handler of type [class org.springframework.web.servlet.resource.ResourceHttpRequestHandler]
2017-11-04 19:32:11.435  INFO 3436 --- [    Test worker] o.s.w.s.handler.SimpleUrlHandlerMapping  : Mapped URL path [/**] onto handler of type [class org.springframework.web.servlet.resource.ResourceHttpRequestHandler]
2017-11-04 19:32:11.487  INFO 3436 --- [    Test worker] o.s.w.s.handler.SimpleUrlHandlerMapping  : Mapped URL path [/**/favicon.ico] onto handler of type [class org.springframework.web.servlet.resource.ResourceHttpRequestHandler]
2017-11-04 19:32:11.852  INFO 3436 --- [    Test worker] com.crud.tasks.TasksApplicationTests     : Started TasksApplicationTests in 4.769 seconds (JVM running for 5.748)
]]></system-out>
  <system-err><![CDATA[]]></system-err>
</testsuite>
